0 info it worked if it ends with ok
1 verbose cli [ '/usr/local/bin/node', '/usr/local/bin/npm', 'run', 'server' ]
2 info using npm@3.3.12
3 info using node@v5.1.0
4 verbose run-script [ 'preserver', 'server', 'postserver' ]
5 info lifecycle game-of-life@1.0.0~preserver: game-of-life@1.0.0
6 silly lifecycle game-of-life@1.0.0~preserver: no script for preserver, continuing
7 info lifecycle game-of-life@1.0.0~server: game-of-life@1.0.0
8 verbose lifecycle game-of-life@1.0.0~server: unsafe-perm in lifecycle true
9 verbose lifecycle game-of-life@1.0.0~server: PATH: /usr/local/lib/node_modules/npm/bin/node-gyp-bin:/Users/chrislucas/Code/game-of-life/node_modules/.bin:/opt/local/bin:/opt/local/sbin:/Library/Frameworks/Python.framework/Versions/3.5/bin:/opt/local/bin:/opt/local/sbin:/Library/Frameworks/Python.framework/Versions/3.5/bin:/Users/chrislucas/.rvm/gems/ruby-2.3.1/bin:/Users/chrislucas/.rvm/gems/ruby-2.3.1@global/bin:/Users/chrislucas/.rvm/rubies/ruby-2.3.1/bin:/usr/local/bin:/usr/bin:/bin:/usr/sbin:/sbin:~/.composer/vendor/bin:/usr/local/git/bin:/Applications/Wireshark.app/Contents/MacOS:/Applications/adt-bundle-mac-x86_64-20130219/sdk/platform-tools:/Applications/adt-bundle-mac-x86_64-20130219/sdk/tools:/Users/chrislucas/.rvm/bin:/Applications/adt-bundle-mac-x86_64-20130219/sdk/platform-tools:/Applications/adt-bundle-mac-x86_64-20130219/sdk/tools
10 verbose lifecycle game-of-life@1.0.0~server: CWD: /Users/chrislucas/Code/game-of-life
11 silly lifecycle game-of-life@1.0.0~server: Args: [ '-c', 'webpack-dev-server' ]
12 silly lifecycle game-of-life@1.0.0~server: Returned: code: 1  signal: null
13 info lifecycle game-of-life@1.0.0~server: Failed to exec server script
14 verbose stack Error: game-of-life@1.0.0 server: `webpack-dev-server`
14 verbose stack Exit status 1
14 verbose stack     at EventEmitter.<anonymous> (/usr/local/lib/node_modules/npm/lib/utils/lifecycle.js:232:16)
14 verbose stack     at emitTwo (events.js:87:13)
14 verbose stack     at EventEmitter.emit (events.js:172:7)
14 verbose stack     at ChildProcess.<anonymous> (/usr/local/lib/node_modules/npm/lib/utils/spawn.js:24:14)
14 verbose stack     at emitTwo (events.js:87:13)
14 verbose stack     at ChildProcess.emit (events.js:172:7)
14 verbose stack     at maybeClose (internal/child_process.js:818:16)
14 verbose stack     at Process.ChildProcess._handle.onexit (internal/child_process.js:211:5)
15 verbose pkgid game-of-life@1.0.0
16 verbose cwd /Users/chrislucas/Code/game-of-life
17 error Darwin 15.6.0
18 error argv "/usr/local/bin/node" "/usr/local/bin/npm" "run" "server"
19 error node v5.1.0
20 error npm  v3.3.12
21 error code ELIFECYCLE
22 error game-of-life@1.0.0 server: `webpack-dev-server`
22 error Exit status 1
23 error Failed at the game-of-life@1.0.0 server script 'webpack-dev-server'.
23 error Make sure you have the latest version of node.js and npm installed.
23 error If you do, this is most likely a problem with the game-of-life package,
23 error not with npm itself.
23 error Tell the author that this fails on your system:
23 error     webpack-dev-server
23 error You can get their info via:
23 error     npm owner ls game-of-life
23 error There is likely additional logging output above.
24 verbose exit [ 1, true ]
